
 0
 0

 0
 4.7
 20.3
 25
 12.5
 18.8
 20.3
 6.2
 3.1
 0
 7.8
 0
 4.7
 3.1
 14.2
 7.8
 4.7
 1.5
 6.3
 3.1
 7.8
 3.1
 9.4
 7.8
 0
 1.5
 0
 0
 3.1
 0
 6.3
 6.3
 0
 3.1
 1.6
 3.1
 1.6
 7.8
 1.5
 0
 6.3
 0
 7.8
 1.5
 3.2
 0
 3.1
 15.6
 1.6
 7.8
 10.9
 1.6
 10.9
 3.2

 0
 4.7
 0
 0
 0
 0
 0
 1.5
 0
 9.4
 7.8
 1.6
 1.6
 1.6
 0
 0
 0
 0
 0
 0
 0
 1.5
 0

 0
 12.4
 20.3
 17.2
 12.6
 7.7
 9.4
 9.4
 3.1
 14.099999999999998
 1.6
 0
 3
 3.2
 0
 0
 7.8
 7.8
 0
 3.1
 1.5
 3.2
 1.5
 9.4
 4.7
 1.6
 1.6
 7.8
 7.8
 1.6
 31.2
 0

 0
 1.6
 1.6
 3.1
 0
 0
 4.6
 0
 0
 6.3
 1.5
 1.6
 4.8
 3
 0
 1.6
 4.7
 4.7
 4.7
 1.6
 1.5
 3.1

 1.5
 0
 1.6
 0
 2.35
 1.5
 4.7
 4.8
 9.3
 6.3
 9.4
 10.9
 7.8
 3.1
 6.2
 3.2
 6.3
 1.5
 6.2
 4.8
 1.5
 1.5
 0
 1.6
 1.6
 6.2
 0
 1.6
 0
 1.5
 7.8
 0
 0
 0
 0
 0
 0
 3.2
 1.6
 0
 0
 0
 0
 0
 0
 1.5
 0
 0
 1.5
 0
 0
 0
 1.6
 0
 1.6
 0
 1.5
 0
 0
 3.1
 0
 0
 1.6

 0
 0
 17.299999999999997
 14.000000000000002
 7.8
 7.9
 0
 7.7
 12.5
 6.3
 7.8
 1.5
 6.3
 7.8
 7.8

 0
 0
 37.5
 12.4
 9.5
 4.6
 3.2
 3.1
 7.8
 3.1
 6.3
 3.1
 3.1
 6.3
 23.400000000000002
 4.7
 0
 7.8
 6.3
 4.6
 6.3
 9.3
 1.6
 3.2
 15.6
 6.2
 7.8
 0
 4.7
 6.3
 3.1
 3.2
 0
 1.55
 4.7
 3
 0
 4.8
 3.1
 6.2
 12.5
 0
 4.7
 3.2
 6.2
 0
 1.6
 3.1
 6.2
 0
 0
 1.6
 3.2
 7.8
 3
 3.2
 1.6
 18.7
 6.3
 3.1
 6.3
 73.4
 98.4
